Virtual User Script started at: 10-03-2021 21:51:58
Starting action vuser_init.
Web Turbo Replay of LoadRunner 2021.0.0 for Windows 10; build 430 (Jan 05 2021 19:27:22)  	[MsgId: MMSG-26983]
Run mode: HTML  	[MsgId: MMSG-26993]
Replay user agent: Mozilla/5.0 (Windows NT 10.0; Win64; x64) AppleWebKit/537.36 (KHTML, like Gecko) Chrome/88.0.4324.190 Safari/537.36  	[MsgId: MMSG-26988]
Runtime Settings file: "C:\Users\anilkumar\Documents\VuGen\Scripts\WebHttpHtml15\\default.cfg"  	[MsgId: MMSG-27141]
Ending action vuser_init.
Running Vuser...
Starting iteration 1.
Maximum number of concurrent connections per server: 6  	[MsgId: MMSG-26989]
Starting action Action.
Action.c(6): web_add_auto_header("Accept-Language") started  	[MsgId: MMSG-26355]
Action.c(6): web_add_auto_header("Accept-Language") was successful  	[MsgId: MMSG-26392]
Action.c(10): web_reg_save_param_ex started  	[MsgId: MMSG-26355]
Action.c(10): Registering web_reg_save_param_ex was successful  	[MsgId: MMSG-26390]
Action.c(11): Notify: Transaction "launch" started.
Action.c(13): web_url("webtours") started  	[MsgId: MMSG-26355]
Action.c(13): Error -27792: Failed to connect to server "127.0.0.1:1080": [10061] Connection refused  	[MsgId: MERR-27792]
Action.c(13): Error -26377: No match found for the requested parameter "usersession". Either the specified boundaries were not found in the response or the matched text is longer than current max html parameter size of 256 bytes. The total length of the response is 0 bytes. You can use "web_set_max_html_param_len" to increase the max parameter size.  	[MsgId: MERR-26377]
Action.c(13): Notify: Saving Parameter "usersession = ".
Action.c(13): Error -26374: The above "not found" error(s) may be explained by header and body byte counts being 0 and 0, respectively.  	[MsgId: MERR-26374]
Action.c(13): web_url("webtours") highest severity level was "ERROR", 0 body bytes, 0 header bytes  	[MsgId: MMSG-26388]
Action.c(13): Notify: Transaction "launch" ended with a "Fail" status (Duration: 8.0535 Wasted Time: 1.1552).
Action.c(13): Notify: Transaction "launch" has 3 error message(s).
Action.c(13): Notify: The 1st error message associated with transaction "launch" is "Error -27792: Failed to connect to server "127.0.0.1:1080": [10061] Connection refused"
Action.c(13): Notify: The 2nd error message associated with transaction "launch" is "Error -26377: No match found for the requested parameter "usersession". Either the specified boundaries were not found in the response or the matched text is longer than current max html parameter size of 256 bytes. The total length of the response is 0 bytes. You can use "web_set_max_html_param_len" to increase the max parameter size."
Action.c(13): Notify: The 3rd error message associated with transaction "launch" is "Error -26374: The above "not found" error(s) may be explained by header and body byte counts being 0 and 0, respectively."
Ending action Action.
Ending iteration 1.
Starting iteration 2.
Notify: Next row for parameter P_ward = 2 [table  = P_ward].
Notify: Getting new value for parameter 'P_ward': table = 'P_user.dat' column = '0' row = '2'.
Notify: Next row for parameter P_user = 2 [table  = P_user].
Notify: Getting new value for parameter 'P_user': table = 'P_user.dat' column = '0' row = '2'.
Starting action Action.
Action.c(6): web_add_auto_header("Accept-Language") started  	[MsgId: MMSG-26355]
Action.c(6): web_add_auto_header("Accept-Language") was successful  	[MsgId: MMSG-26392]
Action.c(10): web_reg_save_param_ex started  	[MsgId: MMSG-26355]
Action.c(10): Registering web_reg_save_param_ex was successful  	[MsgId: MMSG-26390]
Action.c(11): Notify: Transaction "launch" started.
Action.c(13): web_url("webtours") started  	[MsgId: MMSG-26355]
Action.c(13): Error -27792: Failed to connect to server "127.0.0.1:1080": [10061] Connection refused  	[MsgId: MERR-27792]
Action.c(13): Error -26377: No match found for the requested parameter "usersession". Either the specified boundaries were not found in the response or the matched text is longer than current max html parameter size of 256 bytes. The total length of the response is 0 bytes. You can use "web_set_max_html_param_len" to increase the max parameter size.  	[MsgId: MERR-26377]
Action.c(13): Notify: Saving Parameter "usersession = ".
Action.c(13): Error -26374: The above "not found" error(s) may be explained by header and body byte counts being 0 and 0, respectively.  	[MsgId: MERR-26374]
Action.c(13): web_url("webtours") highest severity level was "ERROR", 0 body bytes, 0 header bytes  	[MsgId: MMSG-26388]
Action.c(13): Notify: Transaction "launch" ended with a "Fail" status (Duration: 4.5142 Wasted Time: 0.4266).
Action.c(13): Notify: Transaction "launch" has 3 error message(s).
Action.c(13): Notify: The 1st error message associated with transaction "launch" is "Error -27792: Failed to connect to server "127.0.0.1:1080": [10061] Connection refused"
Action.c(13): Notify: The 2nd error message associated with transaction "launch" is "Error -26377: No match found for the requested parameter "usersession". Either the specified boundaries were not found in the response or the matched text is longer than current max html parameter size of 256 bytes. The total length of the response is 0 bytes. You can use "web_set_max_html_param_len" to increase the max parameter size."
Action.c(13): Notify: The 3rd error message associated with transaction "launch" is "Error -26374: The above "not found" error(s) may be explained by header and body byte counts being 0 and 0, respectively."
Ending action Action.
Ending iteration 2.
Starting iteration 3.
Notify: Next row for parameter P_ward = 3 [table  = P_ward].
Notify: Getting new value for parameter 'P_ward': table = 'P_user.dat' column = '0' row = '3'.
Notify: Next row for parameter P_user = 3 [table  = P_user].
Notify: Getting new value for parameter 'P_user': table = 'P_user.dat' column = '0' row = '3'.
Starting action Action.
Abort was called from an action.
Ending Vuser...
Starting action vuser_end.
Ending action vuser_end.
Vuser Terminated.
Vuser 0 (thread 18236), ended OK."
